<?xml version="1.0" encoding="UTF-8"?>
<!-- Generated by org.testng.reporters.JUnitReportReporter -->
<testsuite skipped="0" hostname="user-PC" name="hwTestPack.BrokenImages" tests="3" failures="0" timestamp="10 May 2017 09:30:48 GMT" time="20.912" errors="0">
  <testcase name="validateInvalidImagesFF" time="8.525" classname="hwTestPack.BrokenImages"/>
  <testcase name="validateInvalidImagesIE" time="3.742" classname="hwTestPack.BrokenImages"/>
  <testcase name="validateInvalidImagesChrome" time="8.645" classname="hwTestPack.BrokenImages"/>
</testsuite> <!-- hwTestPack.BrokenImages -->
