<?xml version="1.0" encoding="UTF-8"?>
<!-- Generated by org.testng.reporters.JUnitReportReporter -->
<testsuite skipped="0" hostname="user-PC" name="HWFormTest.BrokenImages" tests="3" failures="0" timestamp="30 Apr 2017 19:33:39 GMT" time="0.214" errors="0">
  <testcase name="validateInvalidImagesIE" time="0.061" classname="HWFormTest.BrokenImages"/>
  <testcase name="validateInvalidImagesChrome" time="0.061" classname="HWFormTest.BrokenImages"/>
  <testcase name="validateInvalidImagesFF" time="0.092" classname="HWFormTest.BrokenImages"/>
</testsuite> <!-- HWFormTest.BrokenImages -->
